Build started 7/3/2019 5:22:38 PM.
     1>Project "C:\Users\Students\estekiKUKA\myo armband\kuka train\ForceEmgDataLoggerkuka\ForceEmgDataLoggerkuka\ForceEmgDataLoggerkuka.vcxproj" on node 2 (Build target(s)).
     1>ClCompile:
         C:\Program Files (x86)\Microsoft Visual Studio 14.0\VC\bin\CL.exe /c /I"C:\Users\Students\estekiKUKA\myo armband\myo-sdk-win-0.9.0\include" /ZI /nologo /W3 /WX- /sdl /Od /Oy- /D WIN32 /D _DEBUG /D _CONSOLE /D _UNICODE /D UNICODE /Gm /EHsc /RTC1 /MDd /GS /fp:precise /Zc:wchar_t /Zc:forScope /Zc:inline /Yu"stdafx.h" /Fp"Debug\ForceEmgDataLoggerkuka.pch" /Fo"Debug\\" /Fd"Debug\vc140.pdb" /Gd /TP /analyze- /errorReport:prompt ForceEmgDataLoggerkuka.cpp
         ForceEmgDataLoggerkuka.cpp
     1>c:\users\students\estekikuka\myo armband\myo-sdk-win-0.9.0\include\myo\cxx\detail\throwonerror.hpp(39): warning C4297: 'myo::ThrowOnError::~ThrowOnError': function assumed not to throw an exception but does
         c:\users\students\estekikuka\myo armband\myo-sdk-win-0.9.0\include\myo\cxx\detail\throwonerror.hpp(39): note: destructor or deallocator has a (possibly implicit) non-throwing exception specification
     1>c:\users\students\estekikuka\myo armband\myo-sdk-win-0.9.0\include\myo\cxx\detail\throwonerror.hpp(45): warning C4297: 'myo::ThrowOnError::~ThrowOnError': function assumed not to throw an exception but does
         c:\users\students\estekikuka\myo armband\myo-sdk-win-0.9.0\include\myo\cxx\detail\throwonerror.hpp(45): note: destructor or deallocator has a (possibly implicit) non-throwing exception specification
     1>c:\users\students\estekikuka\myo armband\kuka train\forceemgdataloggerkuka\forceemgdataloggerkuka\forceemgdataloggerkuka.cpp(59): warning C4018: '<': signed/unsigned mismatch
       Link:
         C:\Program Files (x86)\Microsoft Visual Studio 14.0\VC\bin\link.exe /ERRORREPORT:PROMPT /OUT:"C:\Users\Students\estekiKUKA\myo armband\kuka train\ForceEmgDataLoggerkuka\Debug\ForceEmgDataLoggerkuka.exe" /INCREMENTAL /NOLOGO /LIBPATH:"C:\Users\Students\estekiKUKA\myo armband\myo-sdk-win-0.9.0\lib" myo64.lib kernel32.lib user32.lib gdi32.lib winspool.lib comdlg32.lib advapi32.lib shell32.lib ole32.lib oleaut32.lib uuid.lib odbc32.lib odbccp32.lib /MANIFEST /MANIFESTUAC:"level='asInvoker' uiAccess='false'" /manifest:embed /Debug /PDB:"C:\Users\Students\estekiKUKA\myo armband\kuka train\ForceEmgDataLoggerkuka\Debug\ForceEmgDataLoggerkuka.pdb" /SUBSYSTEM:CONSOLE /TLBID:1 /DYNAMICBASE /NXCOMPAT /IMPLIB:"C:\Users\Students\estekiKUKA\myo armband\kuka train\ForceEmgDataLoggerkuka\Debug\ForceEmgDataLoggerkuka.lib" /MACHINE:X86 Debug\ForceEmgDataLoggerkuka.obj
         Debug\stdafx.obj
     1>ForceEmgDataLoggerkuka.obj : error LNK2019: unresolved external symbol __imp__libmyo_error_cstring referenced in function "public: __thiscall myo::ThrowOnError::~ThrowOnError(void)" (??1ThrowOnError@myo@@QAE@XZ)
     1>ForceEmgDataLoggerkuka.obj : error LNK2019: unresolved external symbol __imp__libmyo_error_kind referenced in function "public: __thiscall myo::ThrowOnError::~ThrowOnError(void)" (??1ThrowOnError@myo@@QAE@XZ)
     1>ForceEmgDataLoggerkuka.obj : error LNK2019: unresolved external symbol __imp__libmyo_free_error_details referenced in function "public: __thiscall myo::ThrowOnError::~ThrowOnError(void)" (??1ThrowOnError@myo@@QAE@XZ)
     1>ForceEmgDataLoggerkuka.obj : error LNK2019: unresolved external symbol __imp__libmyo_init_hub referenced in function "public: __thiscall myo::Hub::Hub(class std::basic_string<char,struct std::char_traits<char>,class std::allocator<char> > const &)" (??0Hub@myo@@QAE@ABV?$basic_string@DU?$char_traits@D@std@@V?$allocator@D@2@@std@@@Z)
     1>ForceEmgDataLoggerkuka.obj : error LNK2019: unresolved external symbol __imp__libmyo_shutdown_hub referenced in function "public: __thiscall myo::Hub::~Hub(void)" (??1Hub@myo@@QAE@XZ)
     1>ForceEmgDataLoggerkuka.obj : error LNK2019: unresolved external symbol __imp__libmyo_set_stream_emg referenced in function "public: void __thiscall myo::Myo::setStreamEmg(enum myo::Myo::StreamEmgType)" (?setStreamEmg@Myo@myo@@QAEXW4StreamEmgType@12@@Z)
     1>ForceEmgDataLoggerkuka.obj : error LNK2019: unresolved external symbol __imp__libmyo_event_get_type referenced in function "public: static enum libmyo_handler_result_t __cdecl `public: class myo::Myo * __thiscall myo::Hub::waitForMyo(unsigned int)'::`2'::local::handler(void *,void const *)" (?handler@local@?1??waitForMyo@Hub@myo@@QAEPAVMyo@4@I@Z@SA?AW4libmyo_handler_result_t@@PAXPBX@Z)
     1>ForceEmgDataLoggerkuka.obj : error LNK2019: unresolved external symbol __imp__libmyo_event_get_timestamp referenced in function "protected: void __thiscall myo::Hub::onDeviceEvent(void const *)" (?onDeviceEvent@Hub@myo@@IAEXPBX@Z)
     1>ForceEmgDataLoggerkuka.obj : error LNK2019: unresolved external symbol __imp__libmyo_event_get_myo referenced in function "public: static enum libmyo_handler_result_t __cdecl `public: class myo::Myo * __thiscall myo::Hub::waitForMyo(unsigned int)'::`2'::local::handler(void *,void const *)" (?handler@local@?1??waitForMyo@Hub@myo@@QAEPAVMyo@4@I@Z@SA?AW4libmyo_handler_result_t@@PAXPBX@Z)
     1>ForceEmgDataLoggerkuka.obj : error LNK2019: unresolved external symbol __imp__libmyo_event_get_firmware_version referenced in function "protected: void __thiscall myo::Hub::onDeviceEvent(void const *)" (?onDeviceEvent@Hub@myo@@IAEXPBX@Z)
     1>ForceEmgDataLoggerkuka.obj : error LNK2019: unresolved external symbol __imp__libmyo_event_get_arm referenced in function "protected: void __thiscall myo::Hub::onDeviceEvent(void const *)" (?onDeviceEvent@Hub@myo@@IAEXPBX@Z)
     1>ForceEmgDataLoggerkuka.obj : error LNK2019: unresolved external symbol __imp__libmyo_event_get_x_direction referenced in function "protected: void __thiscall myo::Hub::onDeviceEvent(void const *)" (?onDeviceEvent@Hub@myo@@IAEXPBX@Z)
     1>ForceEmgDataLoggerkuka.obj : error LNK2019: unresolved external symbol __imp__libmyo_event_get_warmup_state referenced in function "protected: void __thiscall myo::Hub::onDeviceEvent(void const *)" (?onDeviceEvent@Hub@myo@@IAEXPBX@Z)
     1>ForceEmgDataLoggerkuka.obj : error LNK2019: unresolved external symbol __imp__libmyo_event_get_warmup_result referenced in function "protected: void __thiscall myo::Hub::onDeviceEvent(void const *)" (?onDeviceEvent@Hub@myo@@IAEXPBX@Z)
     1>ForceEmgDataLoggerkuka.obj : error LNK2019: unresolved external symbol __imp__libmyo_event_get_rotation_on_arm referenced in function "protected: void __thiscall myo::Hub::onDeviceEvent(void const *)" (?onDeviceEvent@Hub@myo@@IAEXPBX@Z)
     1>ForceEmgDataLoggerkuka.obj : error LNK2019: unresolved external symbol __imp__libmyo_event_get_orientation referenced in function "protected: void __thiscall myo::Hub::onDeviceEvent(void const *)" (?onDeviceEvent@Hub@myo@@IAEXPBX@Z)
     1>ForceEmgDataLoggerkuka.obj : error LNK2019: unresolved external symbol __imp__libmyo_event_get_accelerometer referenced in function "protected: void __thiscall myo::Hub::onDeviceEvent(void const *)" (?onDeviceEvent@Hub@myo@@IAEXPBX@Z)
     1>ForceEmgDataLoggerkuka.obj : error LNK2019: unresolved external symbol __imp__libmyo_event_get_gyroscope referenced in function "protected: void __thiscall myo::Hub::onDeviceEvent(void const *)" (?onDeviceEvent@Hub@myo@@IAEXPBX@Z)
     1>ForceEmgDataLoggerkuka.obj : error LNK2019: unresolved external symbol __imp__libmyo_event_get_pose referenced in function "protected: void __thiscall myo::Hub::onDeviceEvent(void const *)" (?onDeviceEvent@Hub@myo@@IAEXPBX@Z)
     1>ForceEmgDataLoggerkuka.obj : error LNK2019: unresolved external symbol __imp__libmyo_event_get_rssi referenced in function "protected: void __thiscall myo::Hub::onDeviceEvent(void const *)" (?onDeviceEvent@Hub@myo@@IAEXPBX@Z)
     1>ForceEmgDataLoggerkuka.obj : error LNK2019: unresolved external symbol __imp__libmyo_event_get_battery_level referenced in function "protected: void __thiscall myo::Hub::onDeviceEvent(void const *)" (?onDeviceEvent@Hub@myo@@IAEXPBX@Z)
     1>ForceEmgDataLoggerkuka.obj : error LNK2019: unresolved external symbol __imp__libmyo_event_get_emg referenced in function "protected: void __thiscall myo::Hub::onDeviceEvent(void const *)" (?onDeviceEvent@Hub@myo@@IAEXPBX@Z)
     1>ForceEmgDataLoggerkuka.obj : error LNK2019: unresolved external symbol __imp__libmyo_run referenced in function "public: void __thiscall myo::Hub::run(unsigned int)" (?run@Hub@myo@@QAEXI@Z)
     1>C:\Users\Students\estekiKUKA\myo armband\myo-sdk-win-0.9.0\lib\myo64.lib : warning LNK4272: library machine type 'x64' conflicts with target machine type 'X86'
     1>C:\Users\Students\estekiKUKA\myo armband\kuka train\ForceEmgDataLoggerkuka\Debug\ForceEmgDataLoggerkuka.exe : fatal error LNK1120: 23 unresolved externals
     1>Done Building Project "C:\Users\Students\estekiKUKA\myo armband\kuka train\ForceEmgDataLoggerkuka\ForceEmgDataLoggerkuka\ForceEmgDataLoggerkuka.vcxproj" (Build target(s)) -- FAILED.

Build FAILED.

Time Elapsed 00:00:00.94
